10:06:06.098[main] INFO  testcases.TS_01_ADMIN_LOGIN_AND_VALIDATION -  Admin Login test Start
11:06:20.886[main] INFO  testcases.TS_01_ADMIN_LOGIN_AND_VALIDATION - Ths is starting
11:06:29.020[main] INFO  testcases.TS_01_ADMIN_LOGIN_AND_VALIDATION -  Admin Login test Start
11:06:32.318[main] INFO  testcases.TS_01_ADMIN_LOGIN_AND_VALIDATION -  Admin Login test End
11:06:32.380[main] INFO  testcases.TS_01_ADMIN_LOGIN_AND_VALIDATION -  Admin Login test Start
11:06:43.298[main] INFO  testcases.TS_01_ADMIN_LOGIN_AND_VALIDATION -  Admin Login test Start
11:06:02.019[main] INFO  testcases.TS_01_ADMIN_LOGIN_AND_VALIDATION - Ths is starting
11:06:13.222[main] INFO  testcases.TS_01_ADMIN_LOGIN_AND_VALIDATION -  Admin Login test Start
11:06:15.476[main] INFO  testcases.TS_01_ADMIN_LOGIN_AND_VALIDATION -  Admin Login test End
11:06:15.494[main] INFO  testcases.TS_01_ADMIN_LOGIN_AND_VALIDATION -  Admin Login test Start
11:06:26.582[main] INFO  testcases.TS_01_ADMIN_LOGIN_AND_VALIDATION -  Admin Login test End
11:06:26.589[main] INFO  testcases.TS_01_ADMIN_LOGIN_AND_VALIDATION -  Admin Login test Start
11:06:46.731[main] INFO  testcases.TS_01_ADMIN_LOGIN_AND_VALIDATION - Ths is starting
11:06:53.139[main] INFO  testcases.TS_01_ADMIN_LOGIN_AND_VALIDATION -  Admin Login test Start
11:06:55.249[main] INFO  testcases.TS_01_ADMIN_LOGIN_AND_VALIDATION -  Admin Login test End
11:06:55.283[main] INFO  testcases.TS_01_ADMIN_LOGIN_AND_VALIDATION -  Admin Login test Start
11:06:06.347[main] INFO  testcases.TS_01_ADMIN_LOGIN_AND_VALIDATION -  Admin Login test End
11:06:06.349[main] INFO  testcases.TS_01_ADMIN_LOGIN_AND_VALIDATION -  Admin Login test Start
11:06:17.397[main] INFO  testcases.TS_01_ADMIN_LOGIN_AND_VALIDATION -  Admin Login test End
11:06:17.403[main] INFO  testcases.TS_01_ADMIN_LOGIN_AND_VALIDATION - Validating POC Account
11:06:17.473[main] INFO  testcases.TS_01_ADMIN_LOGIN_AND_VALIDATION - Ths is starting
11:06:24.006[main] INFO  testcases.TS_01_ADMIN_LOGIN_AND_VALIDATION -  Admin Login test Start
11:06:25.926[main] INFO  testcases.TS_01_ADMIN_LOGIN_AND_VALIDATION -  Admin Login test End
11:06:25.942[main] INFO  testcases.TS_01_ADMIN_LOGIN_AND_VALIDATION -  Admin Login test Start
11:06:36.884[main] INFO  testcases.TS_01_ADMIN_LOGIN_AND_VALIDATION -  Admin Login test End
11:06:36.884[main] INFO  testcases.TS_01_ADMIN_LOGIN_AND_VALIDATION -  Admin Login test Start
11:06:47.393[main] INFO  testcases.TS_01_ADMIN_LOGIN_AND_VALIDATION -  Admin Login test End
11:06:47.873[main] INFO  testcases.TS_01_ADMIN_LOGIN_AND_VALIDATION - Validating POC Account
11:06:29.114[main] INFO  testcases.TS_01_ADMIN_LOGIN_AND_VALIDATION - Ths is starting
11:06:35.957[main] INFO  testcases.TS_01_ADMIN_LOGIN_AND_VALIDATION -  Admin Login test Start
11:06:38.013[main] INFO  testcases.TS_01_ADMIN_LOGIN_AND_VALIDATION -  Admin Login test End
11:06:38.041[main] INFO  testcases.TS_01_ADMIN_LOGIN_AND_VALIDATION -  Admin Login test Start
11:06:48.586[main] INFO  testcases.TS_01_ADMIN_LOGIN_AND_VALIDATION -  Admin Login test End
11:06:48.588[main] INFO  testcases.TS_01_ADMIN_LOGIN_AND_VALIDATION -  Admin Login test Start
11:06:59.476[main] INFO  testcases.TS_01_ADMIN_LOGIN_AND_VALIDATION -  Admin Login test End
11:06:59.529[main] INFO  testcases.TS_01_ADMIN_LOGIN_AND_VALIDATION -  Admin Login test Start
11:06:04.094[main] INFO  testcases.TS_03_POCLOGIN - Ths is starting
11:06:10.650[main] INFO  testcases.TS_03_POCLOGIN -  Admin Login test Start
12:06:06.757[main] INFO  testcases.TS_03_POCLOGIN - Ths is starting
12:06:16.782[main] INFO  testcases.TS_03_POCLOGIN -  Admin Login test Start
12:06:07.039[main] INFO  testcases.TS_03_POCLOGIN - Ths is starting
12:06:14.676[main] INFO  testcases.TS_03_POCLOGIN -  Admin Login test Start
12:06:49.810[main] INFO  testcases.TS_03_POCLOGIN - Ths is starting
12:06:55.559[main] INFO  testcases.TS_03_POCLOGIN -  Admin Login test Start
12:06:28.687[main] INFO  testcases.TS_03_POCLOGIN - Ths is starting
12:06:34.411[main] INFO  testcases.TS_03_POCLOGIN -  Admin Login test Start
13:06:06.067[main] INFO  testcases.TS_03_POCLOGIN - Ths is starting
13:06:15.207[main] INFO  testcases.TS_03_POCLOGIN -  Admin Login test Start
13:06:05.401[main] INFO  testcases.TS_03_POCLOGIN - Ths is starting
13:06:10.975[main] INFO  testcases.TS_03_POCLOGIN -  Admin Login test Start
13:06:18.446[main] INFO  testcases.TS_03_POCLOGIN - Ths is starting
13:06:23.960[main] INFO  testcases.TS_03_POCLOGIN -  Admin Login test Start
13:06:48.082[main] INFO  testcases.TS_03_POCLOGIN - Ths is starting
13:06:53.883[main] INFO  testcases.TS_03_POCLOGIN -  Admin Login test Start
14:06:19.272[main] INFO  testcases.TS_03_POCLOGIN - Ths is starting
14:06:24.987[main] INFO  testcases.TS_03_POCLOGIN -  Admin Login test Start
14:06:35.666[main] INFO  testcases.TS_03_POCLOGIN - Ths is starting
14:06:44.307[main] INFO  testcases.TS_03_POCLOGIN -  Admin Login test Start
14:06:35.291[main] INFO  testcases.TS_03_POCLOGIN - Ths is starting
14:06:41.282[main] INFO  testcases.TS_03_POCLOGIN -  Admin Login test Start
14:06:09.067[main] INFO  testcases.TS_03_POCLOGIN - Ths is starting
14:06:15.330[main] INFO  testcases.TS_03_POCLOGIN -  Admin Login test Start
14:06:11.202[main] INFO  testcases.TS_03_POCLOGIN - Ths is starting
14:06:18.091[main] INFO  testcases.TS_03_POCLOGIN -  Admin Login test Start
14:06:18.803[main] INFO  testcases.TS_03_POCLOGIN - Ths is starting
14:06:24.519[main] INFO  testcases.TS_03_POCLOGIN -  Admin Login test Start
14:06:50.540[main] INFO  testcases.TS_03_POCLOGIN - Ths is starting
14:06:55.943[main] INFO  testcases.TS_03_POCLOGIN -  Admin Login test Start
