14:06:39.420[main] INFO  testcases.TS_03_POCLOGIN - Ths is starting
14:06:45.108[main] INFO  testcases.TS_03_POCLOGIN -  Admin Login test Start
14:06:59.819[main] INFO  testcases.TS_03_POCVALIDATION - Ths is starting
14:06:05.563[main] INFO  testcases.TS_03_POCVALIDATION - New poc Login Test
14:06:42.201[main] INFO  testcases.TS_03_POCVALIDATION - Ths is starting
14:06:47.738[main] INFO  testcases.TS_03_POCVALIDATION - New poc Login Test
14:06:31.032[main] INFO  testcases.TS_03_POCVALIDATION - Ths is starting
14:06:36.414[main] INFO  testcases.TS_03_POCVALIDATION - New poc Login Test
15:06:18.054[main] INFO  testcases.TS_03_POCVALIDATION - Ths is starting
15:06:26.664[main] INFO  testcases.TS_03_POCVALIDATION - New poc Login Test
15:06:50.067[main] INFO  testcases.TS_01_ADMIN_LOGIN_AND_VALIDATION - Ths is starting
15:06:10.264[main] INFO  testcases.TS_01_ADMIN_LOGIN_AND_VALIDATION -  Admin Login test Start
15:06:31.850[main] INFO  testcases.TS_01_ADMIN_LOGIN_AND_VALIDATION -  Admin Login test Start
15:06:42.556[main] INFO  testcases.TS_01_ADMIN_LOGIN_AND_VALIDATION -  Admin Login test Start
15:06:59.513[main] INFO  testcases.TS_01_ADMIN_LOGIN_AND_VALIDATION - Ths is starting
15:06:05.744[main] INFO  testcases.TS_01_ADMIN_LOGIN_AND_VALIDATION -  Admin Login test Start
15:06:07.929[main] INFO  testcases.TS_01_ADMIN_LOGIN_AND_VALIDATION -  Admin Login test End
15:06:07.950[main] INFO  testcases.TS_01_ADMIN_LOGIN_AND_VALIDATION -  Admin Login test Start
15:06:18.987[main] INFO  testcases.TS_01_ADMIN_LOGIN_AND_VALIDATION -  Admin Login test End
15:06:18.987[main] INFO  testcases.TS_01_ADMIN_LOGIN_AND_VALIDATION -  Admin Login test Start
15:06:30.084[main] INFO  testcases.TS_01_ADMIN_LOGIN_AND_VALIDATION -  Admin Login test End
15:06:51.809[main] INFO  testcases.TS_03_POCLOGIN - Ths is starting
15:06:57.861[main] INFO  testcases.TS_03_POCLOGIN -  poc Login test Start
15:06:42.795[main] INFO  testcases.TS_02_ADMIN_validating_POC - Ths is starting
15:06:51.415[main] INFO  testcases.TS_02_ADMIN_validating_POC - Ths is starting
15:06:57.010[main] INFO  testcases.TS_02_ADMIN_validating_POC - Ths is starting
15:06:09.425[main] INFO  testcases.TS_02_ADMIN_validating_POC - Validating POC Account
15:06:47.125[main] INFO  testcases.TS_02_ADMIN_validating_POC - Ths is starting
15:06:52.757[main] INFO  testcases.TS_02_ADMIN_validating_POC - Validating POC Account
15:06:52.561[main] INFO  testcases.TS_02_ADMIN_validating_POC - Ths is starting
15:06:58.283[main] INFO  testcases.TS_02_ADMIN_validating_POC - Validating POC Account
15:06:17.296[main] INFO  testcases.TS_03_POCVALIDATION - Ths is starting
15:06:22.852[main] INFO  testcases.TS_03_POCVALIDATION - New poc Login Test
15:06:10.164[main] INFO  testcases.TS_03_POCLOGIN - Ths is starting
15:06:19.531[main] INFO  testcases.TS_03_POCLOGIN -  poc Login test Start
15:06:16.405[main] INFO  testcases.TS_02_ADMIN_validating_POC - Ths is starting
15:06:22.361[main] INFO  testcases.TS_02_ADMIN_validating_POC - Validating POC Account
15:06:12.247[main] INFO  testcases.TS_02_DuplicatePOC - Ths is starting
15:06:20.562[main] INFO  testcases.TS_02_DuplicatePOC - Validating POC Account
15:06:47.580[main] INFO  testcases.TS_02_DuplicatePOC - Ths is starting
15:06:52.622[main] INFO  testcases.TS_02_DuplicatePOC - Validating POC Account
15:06:36.853[main] INFO  testcases.TS_02_DuplicatePOC - Ths is starting
15:06:42.956[main] INFO  testcases.TS_02_DuplicatePOC - Validating POC Account
15:06:53.594[main] INFO  testcases.TS_02_DuplicatePOC - Ths is starting
15:06:59.181[main] INFO  testcases.TS_02_DuplicatePOC - Validating POC Account
17:06:06.758[main] INFO  testcases.TC_006_ADM - Ths is starting
17:06:15.068[main] INFO  testcases.TC_006_ADM - Running TC_ADM_006 test...
17:06:15.799[main] INFO  testcases.TC_006_ADM - Validating POC Account
17:06:24.781[main] INFO  testcases.TC_006_ADM - Completed Validating POC Account
17:06:40.332[main] INFO  testcases.TC_006_ADM - Ths is starting
17:06:44.719[main] INFO  testcases.TC_006_ADM - Running TC_ADM_006 test...
17:06:45.430[main] INFO  testcases.TC_006_ADM - Validating POC Account
17:06:55.456[main] INFO  testcases.TC_006_ADM - Ths is starting
17:06:00.033[main] INFO  testcases.TC_006_ADM - Running TC_ADM_006 test...
17:06:00.677[main] INFO  testcases.TC_006_ADM - Validating POC Account
17:06:02.425[main] INFO  testcases.TC_006_ADM - Completed Validating POC Account
09:06:24.569[main] INFO  testcases.TC_007_CheckForPoc - Ths is starting
09:06:32.527[main] INFO  testcases.TC_007_CheckForPoc - Creating POC Account
09:06:48.512[main] INFO  testcases.TC_007_CheckForPoc - Ths is starting
09:06:55.109[main] INFO  testcases.TC_007_CheckForPoc - Creating POC Account
09:06:35.159[main] INFO  testcases.TC_007_CheckForPoc - Ths is starting
09:06:40.967[main] INFO  testcases.TC_007_CheckForPoc - Creating POC Account
09:06:26.210[main] INFO  testcases.TC_007_CheckForPoc - Ths is starting
09:06:32.468[main] INFO  testcases.TC_007_CheckForPoc - Creating POC Account
