10:06:16.249[main] INFO  testbases.BaseClass - Ths is starting
14:06:36.480[main] INFO  testbases.BaseClass - Ths is starting
14:06:10.259[main] INFO  testbases.BaseClass - Ths is starting
14:06:17.707[main] INFO  testbases.BaseClass - Ths is starting
14:06:14.093[main] INFO  testbases.BaseClass - Ths is starting
14:06:01.953[main] INFO  testbases.BaseClass - Ths is starting
14:06:38.021[main] INFO  testbases.BaseClass - Ths is starting
14:06:35.629[main] INFO  testbases.BaseClass - Ths is starting
14:06:51.504[main] INFO  testbases.BaseClass - Ths is starting
14:06:06.261[main] INFO  testbases.BaseClass - Ths is starting
14:06:02.855[main] INFO  testbases.BaseClass - Ths is starting
14:06:34.830[main] INFO  testbases.BaseClass - Ths is starting
10:06:27.989[main] INFO  testcases.TS_01_ADMIN_LOGIN_AND_VALIDATION - Ths is starting
10:06:34.722[main] INFO  testcases.TS_01_ADMIN_LOGIN_AND_VALIDATION - Login test Start
10:06:28.274[main] INFO  testcases.TS_01_ADMIN_LOGIN_AND_VALIDATION - Ths is starting
10:06:31.937[main] INFO  testcases.TS_01_ADMIN_LOGIN_AND_VALIDATION - Login test Start
10:06:37.524[main] INFO  testcases.TS_01_ADMIN_LOGIN_AND_VALIDATION - Ths is starting
10:06:42.225[main] INFO  testcases.TS_01_ADMIN_LOGIN_AND_VALIDATION - Login test Start
10:06:29.075[main] INFO  testcases.TS_01_ADMIN_LOGIN_AND_VALIDATION - Ths is starting
10:06:33.593[main] INFO  testcases.TS_01_ADMIN_LOGIN_AND_VALIDATION - Login test Start
10:06:31.821[main] INFO  testcases.TS_01_ADMIN_LOGIN_AND_VALIDATION - Ths is starting
10:06:36.897[main] INFO  testcases.TS_01_ADMIN_LOGIN_AND_VALIDATION -  Admin Login test Start
10:06:37.625[main] INFO  testcases.TS_03_POCLOGIN - Ths is starting
10:06:41.972[main] INFO  testcases.TS_03_POCLOGIN -  Admin Login test Start
10:06:53.440[main] INFO  testcases.TS_01_ADMIN_LOGIN_AND_VALIDATION - Ths is starting
10:06:58.713[main] INFO  testcases.TS_01_ADMIN_LOGIN_AND_VALIDATION -  Admin Login test Start
10:06:59.936[main] INFO  testcases.TS_03_POCLOGIN - Ths is starting
10:06:03.551[main] INFO  testcases.TS_03_POCLOGIN -  Admin Login test Start
12:06:57.114[main] INFO  testcases.TS_01_ADMIN_LOGIN_AND_VALIDATION - Ths is starting
12:06:04.652[main] INFO  testcases.TS_01_ADMIN_LOGIN_AND_VALIDATION -  Admin Login test Start
12:06:05.360[main] INFO  testcases.TS_03_POCLOGIN - Ths is starting
12:06:08.880[main] INFO  testcases.TS_03_POCLOGIN -  Admin Login test Start
12:06:51.667[main] INFO  testcases.TS_03_POCLOGIN - Ths is starting
12:06:12.080[main] INFO  testcases.TS_01_ADMIN_LOGIN_AND_VALIDATION - Ths is starting
12:06:21.108[main] INFO  testcases.TS_03_POCLOGIN - Ths is starting
12:06:35.251[main] INFO  testcases.TS_03_POCLOGIN -  Admin Login test Start
12:06:44.433[main] INFO  testcases.TS_01_ADMIN_LOGIN_AND_VALIDATION - Ths is starting
12:06:59.721[main] INFO  testcases.TS_03_POCLOGIN - Ths is starting
13:06:32.758[main] INFO  testcases.TS_01_ADMIN_LOGIN_AND_VALIDATION - Ths is starting
14:06:28.713[main] INFO  testcases.TS_01_ADMIN_LOGIN_AND_VALIDATION - Ths is starting
14:06:21.778[main] INFO  testcases.TS_01_ADMIN_LOGIN_AND_VALIDATION - Ths is starting
14:06:57.555[main] INFO  testcases.TS_01_ADMIN_LOGIN_AND_VALIDATION - Ths is starting
14:06:03.901[main] INFO  testcases.TS_03_POCLOGIN - Ths is starting
14:06:07.771[main] INFO  testcases.TS_03_POCLOGIN -  Admin Login test Start
14:06:21.784[main] INFO  testcases.TS_01_ADMIN_LOGIN_AND_VALIDATION - Ths is starting
14:06:28.508[main] INFO  testcases.TS_03_POCLOGIN - Ths is starting
14:06:31.986[main] INFO  testcases.TS_03_POCLOGIN -  Admin Login test Start
14:06:32.680[main] INFO  testcases.TS_01_ADMIN_LOGIN_AND_VALIDATION - Ths is starting
14:06:38.236[main] INFO  testcases.TS_01_ADMIN_LOGIN_AND_VALIDATION -  Admin Login test Start
14:06:38.890[main] INFO  testcases.TS_01_ADMIN_LOGIN_AND_VALIDATION -  Admin Login test Start
14:06:39.155[main] INFO  testcases.TS_01_ADMIN_LOGIN_AND_VALIDATION -  Admin Login test Start
14:06:39.356[main] INFO  testcases.TS_03_POCLOGIN - Ths is starting
14:06:42.576[main] INFO  testcases.TS_03_POCLOGIN -  Admin Login test Start
15:06:00.240[main] INFO  testcases.TS_01_ADMIN_LOGIN_AND_VALIDATION - Ths is starting
15:06:50.721[main] INFO  testcases.TS_01_ADMIN_LOGIN_AND_VALIDATION - Ths is starting
15:06:04.597[main] INFO  testcases.TS_01_ADMIN_LOGIN_AND_VALIDATION - Ths is starting
15:06:53.688[main] INFO  testcases.TS_01_ADMIN_LOGIN_AND_VALIDATION - Ths is starting
15:06:03.204[main] INFO  testcases.TS_01_ADMIN_LOGIN_AND_VALIDATION -  Admin Login test Start
15:06:03.897[main] INFO  testcases.TS_01_ADMIN_LOGIN_AND_VALIDATION -  Admin Login test End
15:06:03.960[main] INFO  testcases.TS_01_ADMIN_LOGIN_AND_VALIDATION -  Admin Login test Start
15:06:04.328[main] INFO  testcases.TS_01_ADMIN_LOGIN_AND_VALIDATION -  Admin Login test Start
15:06:04.548[main] INFO  testcases.TS_02_ADMIN_validating_POC - Ths is starting
15:06:10.379[main] INFO  testcases.TS_02_ADMIN_validating_POC - POC validation
15:06:58.283[main] INFO  testcases.TS_01_ADMIN_LOGIN_AND_VALIDATION - Ths is starting
15:06:12.495[main] INFO  testcases.TS_01_ADMIN_LOGIN_AND_VALIDATION -  Admin Login test Start
15:06:13.098[main] INFO  testcases.TS_01_ADMIN_LOGIN_AND_VALIDATION -  Admin Login test End
15:06:13.113[main] INFO  testcases.TS_01_ADMIN_LOGIN_AND_VALIDATION -  Admin Login test Start
15:06:13.411[main] INFO  testcases.TS_01_ADMIN_LOGIN_AND_VALIDATION -  Admin Login test Start
15:06:13.613[main] INFO  testcases.TS_02_ADMIN_validating_POC - Ths is starting
16:06:40.194[main] INFO  testcases.TS_01_ADMIN_LOGIN_AND_VALIDATION - Ths is starting
16:06:46.136[main] INFO  testcases.TS_01_ADMIN_LOGIN_AND_VALIDATION -  Admin Login test Start
